<?xml version="1.0" encoding="UTF-8"?>
<testsuite xmlns:xsi="http://www.w3.org/2001/XMLSchema-instance" xsi:noNamespaceSchemaLocation="https://maven.apache.org/surefire/maven-surefire-plugin/xsd/surefire-test-report.xsd" name="regression.TestRunner" time="122.737" tests="42" errors="0" skipped="0" failures="0">
  <properties>
    <property name="java.specification.version" value="13"/>
    <property name="sun.cpu.isalist" value="amd64"/>
    <property name="sun.jnu.encoding" value="Cp1252"/>
    <property name="java.class.path" value="C:\ashHospital-Satish\target\test-classes;C:\ashHospital-Satish\target\classes;C:\Users\Admin\.m2\repository\junit\junit\4.11\junit-4.11.jar;C:\Users\Admin\.m2\repository\org\hamcrest\hamcrest-core\1.3\hamcrest-core-1.3.jar;C:\Users\Admin\.m2\repository\org\seleniumhq\selenium\selenium-java\3.141.59\selenium-java-3.141.59.jar;C:\Users\Admin\.m2\repository\org\seleniumhq\selenium\selenium-api\3.141.59\selenium-api-3.141.59.jar;C:\Users\Admin\.m2\repository\org\seleniumhq\selenium\selenium-chrome-driver\3.141.59\selenium-chrome-driver-3.141.59.jar;C:\Users\Admin\.m2\repository\org\seleniumhq\selenium\selenium-edge-driver\3.141.59\selenium-edge-driver-3.141.59.jar;C:\Users\Admin\.m2\repository\org\seleniumhq\selenium\selenium-firefox-driver\3.141.59\selenium-firefox-driver-3.141.59.jar;C:\Users\Admin\.m2\repository\org\seleniumhq\selenium\selenium-ie-driver\3.141.59\selenium-ie-driver-3.141.59.jar;C:\Users\Admin\.m2\repository\org\seleniumhq\selenium\selenium-opera-driver\3.141.59\selenium-opera-driver-3.141.59.jar;C:\Users\Admin\.m2\repository\org\seleniumhq\selenium\selenium-remote-driver\3.141.59\selenium-remote-driver-3.141.59.jar;C:\Users\Admin\.m2\repository\org\seleniumhq\selenium\selenium-safari-driver\3.141.59\selenium-safari-driver-3.141.59.jar;C:\Users\Admin\.m2\repository\org\seleniumhq\selenium\selenium-support\3.141.59\selenium-support-3.141.59.jar;C:\Users\Admin\.m2\repository\net\bytebuddy\byte-buddy\1.8.15\byte-buddy-1.8.15.jar;C:\Users\Admin\.m2\repository\org\apache\commons\commons-exec\1.3\commons-exec-1.3.jar;C:\Users\Admin\.m2\repository\com\google\guava\guava\25.0-jre\guava-25.0-jre.jar;C:\Users\Admin\.m2\repository\com\google\code\findbugs\jsr305\1.3.9\jsr305-1.3.9.jar;C:\Users\Admin\.m2\repository\org\checkerframework\checker-compat-qual\2.0.0\checker-compat-qual-2.0.0.jar;C:\Users\Admin\.m2\repository\com\google\errorprone\error_prone_annotations\2.1.3\error_prone_annotations-2.1.3.jar;C:\Users\Admin\.m2\repository\com\google\j2objc\j2objc-annotations\1.1\j2objc-annotations-1.1.jar;C:\Users\Admin\.m2\repository\org\codehaus\mojo\animal-sniffer-annotations\1.14\animal-sniffer-annotations-1.14.jar;C:\Users\Admin\.m2\repository\com\squareup\okhttp3\okhttp\3.11.0\okhttp-3.11.0.jar;C:\Users\Admin\.m2\repository\com\squareup\okio\okio\1.14.0\okio-1.14.0.jar;C:\Users\Admin\.m2\repository\io\cucumber\cucumber-core\1.2.6\cucumber-core-1.2.6.jar;C:\Users\Admin\.m2\repository\info\cukes\cucumber-html\0.2.3\cucumber-html-0.2.3.jar;C:\Users\Admin\.m2\repository\info\cukes\cucumber-jvm-deps\1.0.5\cucumber-jvm-deps-1.0.5.jar;C:\Users\Admin\.m2\repository\info\cukes\gherkin\2.12.2\gherkin-2.12.2.jar;C:\Users\Admin\.m2\repository\info\cukes\cucumber-java\1.2.5\cucumber-java-1.2.5.jar;C:\Users\Admin\.m2\repository\info\cukes\cucumber-core\1.2.5\cucumber-core-1.2.5.jar;C:\Users\Admin\.m2\repository\info\cukes\cucumber-junit\1.2.5\cucumber-junit-1.2.5.jar;C:\Users\Admin\.m2\repository\io\github\bonigarcia\webdrivermanager\3.8.1\webdrivermanager-3.8.1.jar;C:\Users\Admin\.m2\repository\org\slf4j\slf4j-api\1.7.25\slf4j-api-1.7.25.jar;C:\Users\Admin\.m2\repository\commons-io\commons-io\2.6\commons-io-2.6.jar;C:\Users\Admin\.m2\repository\com\google\code\gson\gson\2.8.5\gson-2.8.5.jar;C:\Users\Admin\.m2\repository\org\apache\commons\commons-lang3\3.8.1\commons-lang3-3.8.1.jar;C:\Users\Admin\.m2\repository\org\apache\httpcomponents\httpclient\4.5.6\httpclient-4.5.6.jar;C:\Users\Admin\.m2\repository\org\apache\httpcomponents\httpcore\4.4.10\httpcore-4.4.10.jar;C:\Users\Admin\.m2\repository\commons-logging\commons-logging\1.2\commons-logging-1.2.jar;C:\Users\Admin\.m2\repository\commons-codec\commons-codec\1.10\commons-codec-1.10.jar;C:\Users\Admin\.m2\repository\org\rauschig\jarchivelib\1.0.0\jarchivelib-1.0.0.jar;C:\Users\Admin\.m2\repository\org\apache\commons\commons-compress\1.18\commons-compress-1.18.jar;C:\Users\Admin\.m2\repository\org\jsoup\jsoup\1.11.3\jsoup-1.11.3.jar;C:\Users\Admin\.m2\repository\com\devskiller\jfairy\0.6.0\jfairy-0.6.0.jar;C:\Users\Admin\.m2\repository\org\yaml\snakeyaml\1.20\snakeyaml-1.20.jar;C:\Users\Admin\.m2\repository\org\apache\commons\commons-math3\3.6.1\commons-math3-3.6.1.jar;C:\Users\Admin\.m2\repository\com\google\inject\guice\4.2.0\guice-4.2.0.jar;C:\Users\Admin\.m2\repository\javax\inject\javax.inject\1\javax.inject-1.jar;C:\Users\Admin\.m2\repository\aopalliance\aopalliance\1.0\aopalliance-1.0.jar;C:\Users\Admin\.m2\repository\com\google\inject\extensions\guice-assistedinject\4.2.0\guice-assistedinject-4.2.0.jar;C:\Users\Admin\.m2\repository\org\iban4j\iban4j\3.2.1\iban4j-3.2.1.jar;C:\Users\Admin\.m2\repository\org\codehaus\groovy\groovy-all\2.4.14\groovy-all-2.4.14.jar;"/>
    <property name="java.vm.vendor" value="Oracle Corporation"/>
    <property name="sun.arch.data.model" value="64"/>
    <property name="user.variant" value=""/>
    <property name="java.vendor.url" value="https://java.oracle.com/"/>
    <property name="user.timezone" value="Europe/London"/>
    <property name="os.name" value="Windows 10"/>
    <property name="java.vm.specification.version" value="13"/>
    <property name="sun.java.launcher" value="SUN_STANDARD"/>
    <property name="user.country" value="US"/>
    <property name="sun.boot.library.path" value="C:\Program Files\Java\jdk-13.0.2\bin"/>
    <property name="sun.java.command" value="C:\Users\Admin\AppData\Local\Temp\surefire18154689073594079628\surefirebooter4765555545206415790.jar C:\Users\Admin\AppData\Local\Temp\surefire18154689073594079628 2020-05-02T18-01-17_503-jvmRun1 surefire6051737993572772082tmp surefire_05045418560141666261tmp"/>
    <property name="jdk.debug" value="release"/>
    <property name="surefire.test.class.path" value="C:\ashHospital-Satish\target\test-classes;C:\ashHospital-Satish\target\classes;C:\Users\Admin\.m2\repository\junit\junit\4.11\junit-4.11.jar;C:\Users\Admin\.m2\repository\org\hamcrest\hamcrest-core\1.3\hamcrest-core-1.3.jar;C:\Users\Admin\.m2\repository\org\seleniumhq\selenium\selenium-java\3.141.59\selenium-java-3.141.59.jar;C:\Users\Admin\.m2\repository\org\seleniumhq\selenium\selenium-api\3.141.59\selenium-api-3.141.59.jar;C:\Users\Admin\.m2\repository\org\seleniumhq\selenium\selenium-chrome-driver\3.141.59\selenium-chrome-driver-3.141.59.jar;C:\Users\Admin\.m2\repository\org\seleniumhq\selenium\selenium-edge-driver\3.141.59\selenium-edge-driver-3.141.59.jar;C:\Users\Admin\.m2\repository\org\seleniumhq\selenium\selenium-firefox-driver\3.141.59\selenium-firefox-driver-3.141.59.jar;C:\Users\Admin\.m2\repository\org\seleniumhq\selenium\selenium-ie-driver\3.141.59\selenium-ie-driver-3.141.59.jar;C:\Users\Admin\.m2\repository\org\seleniumhq\selenium\selenium-opera-driver\3.141.59\selenium-opera-driver-3.141.59.jar;C:\Users\Admin\.m2\repository\org\seleniumhq\selenium\selenium-remote-driver\3.141.59\selenium-remote-driver-3.141.59.jar;C:\Users\Admin\.m2\repository\org\seleniumhq\selenium\selenium-safari-driver\3.141.59\selenium-safari-driver-3.141.59.jar;C:\Users\Admin\.m2\repository\org\seleniumhq\selenium\selenium-support\3.141.59\selenium-support-3.141.59.jar;C:\Users\Admin\.m2\repository\net\bytebuddy\byte-buddy\1.8.15\byte-buddy-1.8.15.jar;C:\Users\Admin\.m2\repository\org\apache\commons\commons-exec\1.3\commons-exec-1.3.jar;C:\Users\Admin\.m2\repository\com\google\guava\guava\25.0-jre\guava-25.0-jre.jar;C:\Users\Admin\.m2\repository\com\google\code\findbugs\jsr305\1.3.9\jsr305-1.3.9.jar;C:\Users\Admin\.m2\repository\org\checkerframework\checker-compat-qual\2.0.0\checker-compat-qual-2.0.0.jar;C:\Users\Admin\.m2\repository\com\google\errorprone\error_prone_annotations\2.1.3\error_prone_annotations-2.1.3.jar;C:\Users\Admin\.m2\repository\com\google\j2objc\j2objc-annotations\1.1\j2objc-annotations-1.1.jar;C:\Users\Admin\.m2\repository\org\codehaus\mojo\animal-sniffer-annotations\1.14\animal-sniffer-annotations-1.14.jar;C:\Users\Admin\.m2\repository\com\squareup\okhttp3\okhttp\3.11.0\okhttp-3.11.0.jar;C:\Users\Admin\.m2\repository\com\squareup\okio\okio\1.14.0\okio-1.14.0.jar;C:\Users\Admin\.m2\repository\io\cucumber\cucumber-core\1.2.6\cucumber-core-1.2.6.jar;C:\Users\Admin\.m2\repository\info\cukes\cucumber-html\0.2.3\cucumber-html-0.2.3.jar;C:\Users\Admin\.m2\repository\info\cukes\cucumber-jvm-deps\1.0.5\cucumber-jvm-deps-1.0.5.jar;C:\Users\Admin\.m2\repository\info\cukes\gherkin\2.12.2\gherkin-2.12.2.jar;C:\Users\Admin\.m2\repository\info\cukes\cucumber-java\1.2.5\cucumber-java-1.2.5.jar;C:\Users\Admin\.m2\repository\info\cukes\cucumber-core\1.2.5\cucumber-core-1.2.5.jar;C:\Users\Admin\.m2\repository\info\cukes\cucumber-junit\1.2.5\cucumber-junit-1.2.5.jar;C:\Users\Admin\.m2\repository\io\github\bonigarcia\webdrivermanager\3.8.1\webdrivermanager-3.8.1.jar;C:\Users\Admin\.m2\repository\org\slf4j\slf4j-api\1.7.25\slf4j-api-1.7.25.jar;C:\Users\Admin\.m2\repository\commons-io\commons-io\2.6\commons-io-2.6.jar;C:\Users\Admin\.m2\repository\com\google\code\gson\gson\2.8.5\gson-2.8.5.jar;C:\Users\Admin\.m2\repository\org\apache\commons\commons-lang3\3.8.1\commons-lang3-3.8.1.jar;C:\Users\Admin\.m2\repository\org\apache\httpcomponents\httpclient\4.5.6\httpclient-4.5.6.jar;C:\Users\Admin\.m2\repository\org\apache\httpcomponents\httpcore\4.4.10\httpcore-4.4.10.jar;C:\Users\Admin\.m2\repository\commons-logging\commons-logging\1.2\commons-logging-1.2.jar;C:\Users\Admin\.m2\repository\commons-codec\commons-codec\1.10\commons-codec-1.10.jar;C:\Users\Admin\.m2\repository\org\rauschig\jarchivelib\1.0.0\jarchivelib-1.0.0.jar;C:\Users\Admin\.m2\repository\org\apache\commons\commons-compress\1.18\commons-compress-1.18.jar;C:\Users\Admin\.m2\repository\org\jsoup\jsoup\1.11.3\jsoup-1.11.3.jar;C:\Users\Admin\.m2\repository\com\devskiller\jfairy\0.6.0\jfairy-0.6.0.jar;C:\Users\Admin\.m2\repository\org\yaml\snakeyaml\1.20\snakeyaml-1.20.jar;C:\Users\Admin\.m2\repository\org\apache\commons\commons-math3\3.6.1\commons-math3-3.6.1.jar;C:\Users\Admin\.m2\repository\com\google\inject\guice\4.2.0\guice-4.2.0.jar;C:\Users\Admin\.m2\repository\javax\inject\javax.inject\1\javax.inject-1.jar;C:\Users\Admin\.m2\repository\aopalliance\aopalliance\1.0\aopalliance-1.0.jar;C:\Users\Admin\.m2\repository\com\google\inject\extensions\guice-assistedinject\4.2.0\guice-assistedinject-4.2.0.jar;C:\Users\Admin\.m2\repository\org\iban4j\iban4j\3.2.1\iban4j-3.2.1.jar;C:\Users\Admin\.m2\repository\org\codehaus\groovy\groovy-all\2.4.14\groovy-all-2.4.14.jar;"/>
    <property name="sun.cpu.endian" value="little"/>
    <property name="user.home" value="C:\Users\Admin"/>
    <property name="user.language" value="en"/>
    <property name="java.specification.vendor" value="Oracle Corporation"/>
    <property name="java.version.date" value="2020-01-14"/>
    <property name="java.home" value="C:\Program Files\Java\jdk-13.0.2"/>
    <property name="file.separator" value="\"/>
    <property name="basedir" value="C:\ashHospital-Satish"/>
    <property name="java.vm.compressedOopsMode" value="32-bit"/>
    <property name="line.separator" value="&#10;"/>
    <property name="java.vm.specification.vendor" value="Oracle Corporation"/>
    <property name="java.specification.name" value="Java Platform API Specification"/>
    <property name="surefire.real.class.path" value="C:\Users\Admin\AppData\Local\Temp\surefire18154689073594079628\surefirebooter4765555545206415790.jar"/>
    <property name="user.script" value=""/>
    <property name="sun.management.compiler" value="HotSpot 64-Bit Tiered Compilers"/>
    <property name="java.runtime.version" value="13.0.2+8"/>
    <property name="user.name" value="Admin"/>
    <property name="path.separator" value=";"/>
    <property name="os.version" value="10.0"/>
    <property name="java.runtime.name" value="Java(TM) SE Runtime Environment"/>
    <property name="file.encoding" value="Cp1252"/>
    <property name="java.vm.name" value="Java HotSpot(TM) 64-Bit Server VM"/>
    <property name="idea.version2020.1" value="true"/>
    <property name="localRepository" value="C:\Users\Admin\.m2\repository"/>
    <property name="java.vendor.url.bug" value="https://bugreport.java.com/bugreport/"/>
    <property name="java.io.tmpdir" value="C:\Users\Admin\AppData\Local\Temp\"/>
    <property name="java.version" value="13.0.2"/>
    <property name="user.dir" value="C:\ashHospital-Satish"/>
    <property name="os.arch" value="amd64"/>
    <property name="java.vm.specification.name" value="Java Virtual Machine Specification"/>
    <property name="sun.os.patch.level" value=""/>
    <property name="java.library.path" value="C:\Program Files\Java\jdk-13.0.2\bin;C:\WINDOWS\Sun\Java\bin;C:\WINDOWS\system32;C:\WINDOWS;C:\Program Files\apache-maven-3.6.3-bin\apache-maven-3.6.3\bin;C:\Users\Admin\AppData\Local\Microsoft\WindowsApps;;."/>
    <property name="java.vm.info" value="mixed mode, sharing"/>
    <property name="java.vendor" value="Oracle Corporation"/>
    <property name="java.vm.version" value="13.0.2+8"/>
    <property name="sun.io.unicode.encoding" value="UnicodeLittle"/>
    <property name="java.class.version" value="57.0"/>
  </properties>
  <testcase name="Given SuperAdmin logedIn" classname="| SuperAdmin |" time="0.003"/>
  <testcase name="And He navigate to Masters screen and selectUsers" classname="| SuperAdmin |" time="0.001"/>
  <testcase name="And He select Edit from action column" classname="| SuperAdmin |" time="0"/>
  <testcase name="When He updates details and select UserType as &quot;SuperAdmin&quot; and click submit." classname="| SuperAdmin |" time="0"/>
  <testcase name="Then All the updated data should be available for the selected user" classname="| SuperAdmin |" time="0"/>
  <testcase name="| SuperAdmin |" classname="| SuperAdmin |" time="0.429"/>
  <testcase name="Given SuperAdmin logedIn" classname="| CallCenter |" time="0"/>
  <testcase name="And He navigate to Masters screen and selectUsers" classname="| CallCenter |" time="0"/>
  <testcase name="And He select Edit from action column" classname="| CallCenter |" time="0"/>
  <testcase name="When He updates details and select UserType as &quot;CallCenter&quot; and click submit." classname="| CallCenter |" time="0"/>
  <testcase name="Then All the updated data should be available for the selected user" classname="| CallCenter |" time="0"/>
  <testcase name="| CallCenter |" classname="| CallCenter |" time="0.396"/>
  <testcase name="Given SuperAdmin logedIn" classname="| LabTechnican |" time="0"/>
  <testcase name="And He navigate to Masters screen and selectUsers" classname="| LabTechnican |" time="0"/>
  <testcase name="And He select Edit from action column" classname="| LabTechnican |" time="0"/>
  <testcase name="When He updates details and select UserType as &quot;LabTechnican&quot; and click submit." classname="| LabTechnican |" time="0.001"/>
  <testcase name="Then All the updated data should be available for the selected user" classname="| LabTechnican |" time="0"/>
  <testcase name="| LabTechnican |" classname="| LabTechnican |" time="0.358"/>
  <testcase name="Given SuperAdmin logedIn" classname="| Admin |" time="0"/>
  <testcase name="And He navigate to Masters screen and selectUsers" classname="| Admin |" time="0.001"/>
  <testcase name="And He select Edit from action column" classname="| Admin |" time="0"/>
  <testcase name="When He updates details and select UserType as &quot;Admin&quot; and click submit." classname="| Admin |" time="0"/>
  <testcase name="Then All the updated data should be available for the selected user" classname="| Admin |" time="0"/>
  <testcase name="| Admin |" classname="| Admin |" time="0.375"/>
  <testcase name="Given SuperAdmin logedIn" classname="| ILDBoy |" time="0"/>
  <testcase name="And He navigate to Masters screen and selectUsers" classname="| ILDBoy |" time="0"/>
  <testcase name="And He select Edit from action column" classname="| ILDBoy |" time="0"/>
  <testcase name="When He updates details and select UserType as &quot;ILDBoy&quot; and click submit." classname="| ILDBoy |" time="0"/>
  <testcase name="Then All the updated data should be available for the selected user" classname="| ILDBoy |" time="0"/>
  <testcase name="| ILDBoy |" classname="| ILDBoy |" time="0.544"/>
  <testcase name="Given SuperAdmin logedIn" classname="| Manager |" time="0"/>
  <testcase name="And He navigate to Masters screen and selectUsers" classname="| Manager |" time="0"/>
  <testcase name="And He select Edit from action column" classname="| Manager |" time="0"/>
  <testcase name="When He updates details and select UserType as &quot;Manager&quot; and click submit." classname="| Manager |" time="0"/>
  <testcase name="Then All the updated data should be available for the selected user" classname="| Manager |" time="0"/>
  <testcase name="| Manager |" classname="| Manager |" time="0.569"/>
  <testcase name="Given SuperAdmin logedIn" classname="Scenario: 2 Verify SuperAdmin can create group test" time="0"/>
  <testcase name="And He navigate to Masters screen and select Group Test" classname="Scenario: 2 Verify SuperAdmin can create group test" time="0.001"/>
  <testcase name="And In GroupTestName select AddNew" classname="Scenario: 2 Verify SuperAdmin can create group test" time="0"/>
  <testcase name="When Add group test name and price and click submit" classname="Scenario: 2 Verify SuperAdmin can create group test" time="0"/>
  <testcase name="Then Group test created successfully" classname="Scenario: 2 Verify SuperAdmin can create group test" time="0"/>
  <testcase name="Scenario: 2 Verify SuperAdmin can create group test" classname="Scenario: 2 Verify SuperAdmin can create group test" time="0.654"/>
</testsuite>